[     371ms] [ERROR] Failed to load resource: the server responded with a status of 404 (Not Found) @ http://localhost:5174/favicon.ico:0
[   18105ms] [WARNING] [Vue warn]: Unhandled error during execution of native event handler 
  at <HeroSection> 
  at <HomePage onVnodeUnmounted=fn<onVnodeUnmounted> ref=Ref< Proxy(Object) > > 
  at <RouterView> 
  at <App> @ http://localhost:5174/@vite/client:509
[   18107ms] TypeError: Cannot read properties of undefined (reading 'querySelector')
    at http://localhost:5174/src/components/HeroSection.vue:90:82
    at http://localhost:5174/node_modules/.vite/deps/vue.runtime.esm-bundler-Tgq91XOj.js?v=bfde1992:8433:10
    at callWithErrorHandling (http://localhost:5174/node_modules/.vite/deps/vue.runtime.esm-bundler-Tgq91XOj.js?v=bfde1992:1885:17)
    at callWithAsyncErrorHandling (http://localhost:5174/node_modules/.vite/deps/vue.runtime.esm-bundler-Tgq91XOj.js?v=bfde1992:1892:15)
    at HTMLAnchorElement.invoker (http://localhost:5174/node_modules/.vite/deps/vue.runtime.esm-bundler-Tgq91XOj.js?v=bfde1992:7614:3)
[   19008ms] [WARNING] [Vue warn]: Unhandled error during execution of native event handler 
  at <HeroSection> 
  at <HomePage onVnodeUnmounted=fn<onVnodeUnmounted> ref=Ref< Proxy(Object) > > 
  at <RouterView> 
  at <App> @ http://localhost:5174/@vite/client:509
[   19010ms] TypeError: Cannot read properties of undefined (reading 'querySelector')
    at http://localhost:5174/src/components/HeroSection.vue:90:82
    at http://localhost:5174/node_modules/.vite/deps/vue.runtime.esm-bundler-Tgq91XOj.js?v=bfde1992:8433:10
    at callWithErrorHandling (http://localhost:5174/node_modules/.vite/deps/vue.runtime.esm-bundler-Tgq91XOj.js?v=bfde1992:1885:17)
    at callWithAsyncErrorHandling (http://localhost:5174/node_modules/.vite/deps/vue.runtime.esm-bundler-Tgq91XOj.js?v=bfde1992:1892:15)
    at HTMLAnchorElement.invoker (http://localhost:5174/node_modules/.vite/deps/vue.runtime.esm-bundler-Tgq91XOj.js?v=bfde1992:7614:3)
